[debug] [2018-09-24T15:29:46.934Z] ----------------------------------------------------------------------
[debug] [2018-09-24T15:29:46.939Z] Command:       C:\Program Files\nodejs\node.exe C:\Users\Kuba\AppData\Roaming\npm\node_modules\firebase-tools\bin\firebase login --reauth
[debug] [2018-09-24T15:29:46.939Z] CLI Version:   4.2.1
[debug] [2018-09-24T15:29:46.939Z] Platform:      win32
[debug] [2018-09-24T15:29:46.939Z] Node Version:  v8.11.3
[debug] [2018-09-24T15:29:46.941Z] Time:          Mon Sep 24 2018 17:29:46 GMT+0200 (Środkowoeuropejski czas letni)
[debug] [2018-09-24T15:29:46.941Z] ----------------------------------------------------------------------
[debug] 
[info] 
[info] Visit this URL on any device to log in:
[info] https://accounts.google.com/o/oauth2/auth?client_id=563584335869-fgrhgmd47bqnekij5i8b5pr03ho849e6.apps.googleusercontent.com&scope=email%20openid%20https%3A%2F%2Fwww.googleapis.com%2Fauth%2Fcloudplatformprojects.readonly%20https%3A%2F%2Fwww.googleapis.com%2Fauth%2Ffirebase%20https%3A%2F%2Fwww.googleapis.com%2Fauth%2Fcloud-platform&response_type=code&state=287125303&redirect_uri=http%3A%2F%2Flocalhost%3A9005
[info] 
[info] Waiting for authentication...
[debug] [2018-09-24T15:30:08.449Z] >>> HTTP REQUEST POST https://accounts.google.com/o/oauth2/token  

[debug] [2018-09-24T15:30:29.489Z] Token Fetch Error: Error
    at new FirebaseError (C:\Users\Kuba\AppData\Roaming\npm\node_modules\firebase-tools\lib\error.js:11:16)
    at Request._callback (C:\Users\Kuba\AppData\Roaming\npm\node_modules\firebase-tools\lib\api.js:34:11)
    at self.callback (C:\Users\Kuba\AppData\Roaming\npm\node_modules\firebase-tools\node_modules\request\request.js:185:22)
    at emitOne (events.js:116:13)
    at Request.emit (events.js:211:7)
    at Request.onRequestError (C:\Users\Kuba\AppData\Roaming\npm\node_modules\firebase-tools\node_modules\request\request.js:881:8)
    at emitOne (events.js:116:13)
    at ClientRequest.emit (events.js:211:7)
    at TLSSocket.socketErrorListener (_http_client.js:387:9)
    at emitOne (events.js:116:13)
[debug] [2018-09-24T16:31:09.440Z] ----------------------------------------------------------------------
[debug] [2018-09-24T16:31:09.445Z] Command:       C:\Program Files\nodejs\node.exe C:\Users\Kuba\AppData\Roaming\npm\node_modules\firebase-tools\bin\firebase deploy
[debug] [2018-09-24T16:31:09.445Z] CLI Version:   4.2.1
[debug] [2018-09-24T16:31:09.445Z] Platform:      win32
[debug] [2018-09-24T16:31:09.445Z] Node Version:  v8.11.3
[debug] [2018-09-24T16:31:09.447Z] Time:          Mon Sep 24 2018 18:31:09 GMT+0200 (Środkowoeuropejski czas letni)
[debug] [2018-09-24T16:31:09.447Z] ----------------------------------------------------------------------
[debug] 
[debug] [2018-09-24T16:31:09.466Z] > command requires scopes: ["email","openid","https://www.googleapis.com/auth/cloudplatformprojects.readonly","https://www.googleapis.com/auth/firebase","https://www.googleapis.com/auth/cloud-platform"]
[debug] [2018-09-24T16:31:09.466Z] > authorizing via signed-in user
[debug] [2018-09-24T16:31:09.469Z] > refreshing access token with scopes: ["email","https://www.googleapis.com/auth/cloud-platform","https://www.googleapis.com/auth/cloudplatformprojects.readonly","https://www.googleapis.com/auth/firebase","openid"]
[debug] [2018-09-24T16:31:09.469Z] >>> HTTP REQUEST POST https://www.googleapis.com/oauth2/v3/token  

[debug] [2018-09-24T16:31:09.947Z] <<< HTTP RESPONSE 200
[debug] [2018-09-24T16:31:09.962Z] >>> HTTP REQUEST GET https://admin.firebase.com/v1/projects/slice-jrz  
 
[debug] [2018-09-24T16:31:19.806Z] <<< HTTP RESPONSE 200
[info] 
[info] === Deploying to 'slice-jrz'...
[info] 
[info] i  deploying database, hosting
[info] i  database: checking rules syntax...
[debug] [2018-09-24T16:31:19.818Z] >>> HTTP REQUEST PUT https://slice-jrz.firebaseio.com/.settings/rules.json?dryRun=true  
 {
  "rules": {
    ".read": "true",
    ".write": "true"
  }
}

[debug] [2018-09-24T16:31:20.571Z] <<< HTTP RESPONSE 200
[info] +  database: rules syntax for database slice-jrz is valid
[debug] [2018-09-24T16:31:20.574Z] >>> HTTP REQUEST POST https://firebasehosting.googleapis.com/v1beta1/sites/slice-jrz/versions  

[debug] [2018-09-24T16:31:22.330Z] <<< HTTP RESPONSE 200
[info] i  hosting[slice-jrz]: beginning deploy...
[info] i  hosting[slice-jrz]: found 9 files in build
[debug] [2018-09-24T16:31:25.193Z] [hosting] hash cache [YnVpbGQ] stored for 9 files
[debug] [2018-09-24T16:31:25.194Z] [hosting][hash queue][FINAL]
[debug] [2018-09-24T16:31:25.194Z] >>> HTTP REQUEST POST https://firebasehosting.googleapis.com/v1beta1/sites/slice-jrz/versions/e227d15aeaed1d88:populateFiles  
 <request body omitted>
[debug] [2018-09-24T16:31:46.634Z] [populateQueue] Retrying task index 0
[debug] [2018-09-24T16:31:46.635Z] >>> HTTP REQUEST POST https://firebasehosting.googleapis.com/v1beta1/sites/slice-jrz/versions/e227d15aeaed1d88:populateFiles  
 <request body omitted>
[debug] [2018-09-24T16:31:48.189Z] <<< HTTP RESPONSE 200
[debug] [2018-09-24T16:31:48.189Z] [hosting][populate queue][FINAL]
[debug] [2018-09-24T16:31:48.191Z] [hosting] uploads queued: 0
[debug] [2018-09-24T16:31:48.191Z] [hosting][upload queue][FINAL]
[info] +  hosting[slice-jrz]: file upload complete
[debug] [2018-09-24T16:31:48.193Z] [hosting] deploy completed after 25861ms
[info] i  database: releasing rules...
[debug] [2018-09-24T16:32:09.240Z] >>> HTTP REQUEST PUT https://slice-jrz.firebaseio.com/.settings/rules.json  
 {
  "rules": {
    ".read": "true",
    ".write": "true"
  }
}

[debug] [2018-09-24T16:32:51.264Z] Error: connect ETIMEDOUT 35.201.97.85:443
    at Object._errnoException (util.js:992:11)
    at _exceptionWithHostPort (util.js:1014:20)
    at TCPConnectWrap.afterConnect [as oncomplete] (net.js:1186:14)
[error] 
[error] Error: Server Error. connect ETIMEDOUT 35.201.97.85:443
[debug] [2018-09-24T16:34:03.764Z] ----------------------------------------------------------------------
[debug] [2018-09-24T16:34:03.768Z] Command:       C:\Program Files\nodejs\node.exe C:\Users\Kuba\AppData\Roaming\npm\node_modules\firebase-tools\bin\firebase deploy
[debug] [2018-09-24T16:34:03.768Z] CLI Version:   4.2.1
[debug] [2018-09-24T16:34:03.768Z] Platform:      win32
[debug] [2018-09-24T16:34:03.768Z] Node Version:  v8.11.3
[debug] [2018-09-24T16:34:03.770Z] Time:          Mon Sep 24 2018 18:34:03 GMT+0200 (Środkowoeuropejski czas letni)
[debug] [2018-09-24T16:34:03.770Z] ----------------------------------------------------------------------
[debug] 
[debug] [2018-09-24T16:34:03.787Z] > command requires scopes: ["email","openid","https://www.googleapis.com/auth/cloudplatformprojects.readonly","https://www.googleapis.com/auth/firebase","https://www.googleapis.com/auth/cloud-platform"]
[debug] [2018-09-24T16:34:03.787Z] > authorizing via signed-in user
[debug] [2018-09-24T16:34:03.791Z] >>> HTTP REQUEST GET https://admin.firebase.com/v1/projects/slice-jrz  
 
[debug] [2018-09-24T16:34:04.628Z] <<< HTTP RESPONSE 200
[info] 
[info] === Deploying to 'slice-jrz'...
[info] 
[info] i  deploying database, hosting
[info] i  database: checking rules syntax...
[debug] [2018-09-24T16:34:04.640Z] >>> HTTP REQUEST PUT https://slice-jrz.firebaseio.com/.settings/rules.json?dryRun=true  
 {
  "rules": {
    ".read": "true",
    ".write": "true"
  }
}

[debug] [2018-09-24T16:34:05.336Z] <<< HTTP RESPONSE 200
[info] +  database: rules syntax for database slice-jrz is valid
[debug] [2018-09-24T16:34:05.339Z] >>> HTTP REQUEST POST https://firebasehosting.googleapis.com/v1beta1/sites/slice-jrz/versions  

[debug] [2018-09-24T16:34:47.421Z] Error: connect ETIMEDOUT 216.58.215.106:443
    at Object._errnoException (util.js:992:11)
    at _exceptionWithHostPort (util.js:1014:20)
    at TCPConnectWrap.afterConnect [as oncomplete] (net.js:1186:14)
[error] 
[error] Error: Server Error. connect ETIMEDOUT 216.58.215.106:443
[debug] [2018-09-24T16:36:39.908Z] ----------------------------------------------------------------------
[debug] [2018-09-24T16:36:39.915Z] Command:       C:\Program Files\nodejs\node.exe C:\Users\Kuba\AppData\Roaming\npm\node_modules\firebase-tools\bin\firebase deploy
[debug] [2018-09-24T16:36:39.915Z] CLI Version:   4.2.1
[debug] [2018-09-24T16:36:39.915Z] Platform:      win32
[debug] [2018-09-24T16:36:39.915Z] Node Version:  v8.11.3
[debug] [2018-09-24T16:36:39.917Z] Time:          Mon Sep 24 2018 18:36:39 GMT+0200 (Środkowoeuropejski czas letni)
[debug] [2018-09-24T16:36:39.918Z] ----------------------------------------------------------------------
[debug] 
[debug] [2018-09-24T16:36:39.942Z] > command requires scopes: ["email","openid","https://www.googleapis.com/auth/cloudplatformprojects.readonly","https://www.googleapis.com/auth/firebase","https://www.googleapis.com/auth/cloud-platform"]
[debug] [2018-09-24T16:36:39.943Z] > authorizing via signed-in user
[debug] [2018-09-24T16:36:39.947Z] >>> HTTP REQUEST GET https://admin.firebase.com/v1/projects/slice-jrz  
 
[debug] [2018-09-24T16:36:40.835Z] <<< HTTP RESPONSE 200
[info] 
[info] === Deploying to 'slice-jrz'...
[info] 
[info] i  deploying database, hosting
[info] i  database: checking rules syntax...
[debug] [2018-09-24T16:36:40.844Z] >>> HTTP REQUEST PUT https://slice-jrz.firebaseio.com/.settings/rules.json?dryRun=true  
 {
  "rules": {
    ".read": "true",
    ".write": "true"
  }
}

[debug] [2018-09-24T16:36:41.601Z] <<< HTTP RESPONSE 200
[info] +  database: rules syntax for database slice-jrz is valid
[debug] [2018-09-24T16:36:41.606Z] >>> HTTP REQUEST POST https://firebasehosting.googleapis.com/v1beta1/sites/slice-jrz/versions  

[debug] [2018-09-24T16:36:43.244Z] <<< HTTP RESPONSE 200
[info] i  hosting[slice-jrz]: beginning deploy...
[info] i  hosting[slice-jrz]: found 9 files in build
[debug] [2018-09-24T16:36:43.281Z] [hosting] hash cache [YnVpbGQ] stored for 9 files
[debug] [2018-09-24T16:36:43.281Z] [hosting][hash queue][FINAL]
[debug] [2018-09-24T16:36:43.282Z] >>> HTTP REQUEST POST https://firebasehosting.googleapis.com/v1beta1/sites/slice-jrz/versions/a280d153fa420ce6:populateFiles  
 <request body omitted>
[debug] [2018-09-24T16:37:04.691Z] [populateQueue] Retrying task index 0
[debug] [2018-09-24T16:37:04.692Z] >>> HTTP REQUEST POST https://firebasehosting.googleapis.com/v1beta1/sites/slice-jrz/versions/a280d153fa420ce6:populateFiles  
 <request body omitted>
[debug] [2018-09-24T16:37:06.200Z] <<< HTTP RESPONSE 200
[debug] [2018-09-24T16:37:06.201Z] [hosting][populate queue][FINAL]
[debug] [2018-09-24T16:37:06.201Z] [hosting] uploads queued: 0
[debug] [2018-09-24T16:37:06.202Z] [hosting][upload queue][FINAL]
[info] +  hosting[slice-jrz]: file upload complete
[debug] [2018-09-24T16:37:06.203Z] [hosting] deploy completed after 22957ms
[info] i  database: releasing rules...
[debug] [2018-09-24T16:37:27.221Z] >>> HTTP REQUEST PUT https://slice-jrz.firebaseio.com/.settings/rules.json  
 {
  "rules": {
    ".read": "true",
    ".write": "true"
  }
}

[debug] [2018-09-24T16:38:09.263Z] Error: connect ETIMEDOUT 35.201.97.85:443
    at Object._errnoException (util.js:992:11)
    at _exceptionWithHostPort (util.js:1014:20)
    at TCPConnectWrap.afterConnect [as oncomplete] (net.js:1186:14)
[error] 
[error] Error: Server Error. connect ETIMEDOUT 35.201.97.85:443
[debug] [2018-09-24T16:38:17.851Z] ----------------------------------------------------------------------
[debug] [2018-09-24T16:38:17.855Z] Command:       C:\Program Files\nodejs\node.exe C:\Users\Kuba\AppData\Roaming\npm\node_modules\firebase-tools\bin\firebase deploy
[debug] [2018-09-24T16:38:17.856Z] CLI Version:   4.2.1
[debug] [2018-09-24T16:38:17.856Z] Platform:      win32
[debug] [2018-09-24T16:38:17.856Z] Node Version:  v8.11.3
[debug] [2018-09-24T16:38:17.857Z] Time:          Mon Sep 24 2018 18:38:17 GMT+0200 (Środkowoeuropejski czas letni)
[debug] [2018-09-24T16:38:17.857Z] ----------------------------------------------------------------------
[debug] 
[debug] [2018-09-24T16:38:17.875Z] > command requires scopes: ["email","openid","https://www.googleapis.com/auth/cloudplatformprojects.readonly","https://www.googleapis.com/auth/firebase","https://www.googleapis.com/auth/cloud-platform"]
[debug] [2018-09-24T16:38:17.876Z] > authorizing via signed-in user
[debug] [2018-09-24T16:38:17.880Z] >>> HTTP REQUEST GET https://admin.firebase.com/v1/projects/slice-jrz  
 
[debug] [2018-09-24T16:38:18.705Z] <<< HTTP RESPONSE 200
[info] 
[info] === Deploying to 'slice-jrz'...
[info] 
[info] i  deploying database, hosting
[info] i  database: checking rules syntax...
[debug] [2018-09-24T16:38:18.715Z] >>> HTTP REQUEST PUT https://slice-jrz.firebaseio.com/.settings/rules.json?dryRun=true  
 {
  "rules": {
    ".read": "true",
    ".write": "true"
  }
}

[debug] [2018-09-24T16:38:19.433Z] <<< HTTP RESPONSE 200
[info] +  database: rules syntax for database slice-jrz is valid
[debug] [2018-09-24T16:38:19.436Z] >>> HTTP REQUEST POST https://firebasehosting.googleapis.com/v1beta1/sites/slice-jrz/versions  

[debug] [2018-09-24T16:39:01.491Z] Error: connect ETIMEDOUT 216.58.215.106:443
    at Object._errnoException (util.js:992:11)
    at _exceptionWithHostPort (util.js:1014:20)
    at TCPConnectWrap.afterConnect [as oncomplete] (net.js:1186:14)
[error] 
[error] Error: Server Error. connect ETIMEDOUT 216.58.215.106:443
